<?xml version="1.0" encoding="UTF-8"?>
<!-- Generated by org.testng.reporters.JUnitXMLReporter -->
<testsuite hostname="DESKTOP-FVKBK2P" ignored="0" name="ChromeTest" tests="9" failures="8" timestamp="2021-05-28T11:12:18 WAT" time="314.739" errors="0">
  <testcase name="runScenario" time="15.317" classname="io.cucumber.testng.AbstractTestNGCucumberTests"/>
  <testcase name="runScenario" time="41.152" classname="io.cucumber.testng.AbstractTestNGCucumberTests">
    <failure type="java.lang.AssertionError" message="expected [false] but found [true]">
      <![CDATA[java.lang.AssertionError: expected [false] but found [true]
at StepDefinitions.IneffectiveJobSearchFilterSteps.SelectCareerCDI(IneffectiveJobSearchFilterSteps.java:28)
at ✽.Select 'CDI' from the <<I'm looking for>> link(file:///C:/Users/Gabriel/Documents/PAWK/Projets/ArvalTestAutomation/src/test/resources/features/arval.feature:8)
... Removed 4 stack frames]]>
    </failure>
  </testcase> <!-- runScenario -->
  <testcase name="runScenario" time="34.782" classname="io.cucumber.testng.AbstractTestNGCucumberTests">
    <failure type="java.lang.AssertionError" message="expected [false] but found [true]">
      <![CDATA[java.lang.AssertionError: expected [false] but found [true]
at StepDefinitions.LinkNotFoundSteps.aDropDownDescriptionIsDisplayedClickOnTheLinkDiscoverProductsAndServices(LinkNotFoundSteps.java:31)
at ✽.A drop-down description is displayed, click on the link discover products and services(file:///C:/Users/Gabriel/Documents/PAWK/Projets/ArvalTestAutomation/src/test/resources/features/arval.feature:14)
... Removed 4 stack frames]]>
    </failure>
  </testcase> <!-- runScenario -->
  <testcase name="runScenario" time="35.91" classname="io.cucumber.testng.AbstractTestNGCucumberTests">
    <failure type="java.lang.AssertionError" message="expected [true] but found [false]">
      <![CDATA[java.lang.AssertionError: expected [true] but found [false]
at PageObjects.HomePage.navigateAllLink(HomePage.java:79)
at StepDefinitions.InsecureLinkSteps.ckeckAllLink(InsecureLinkSteps.java:9)
at ✽.ckeck all link to verify insecure links(file:///C:/Users/Gabriel/Documents/PAWK/Projets/ArvalTestAutomation/src/test/resources/features/arval.feature:17)
... Removed 4 stack frames]]>
    </failure>
  </testcase> <!-- runScenario -->
  <testcase name="runScenario" time="41.913" classname="io.cucumber.testng.AbstractTestNGCucumberTests">
    <failure type="java.lang.AssertionError" message="expected [true] but found [false]">
      <![CDATA[java.lang.AssertionError: expected [true] but found [false]
at PageObjects.WhyArvalPage.verifyLoadImage(WhyArvalPage.java:21)
at StepDefinitions.ImageNotLoadSteps.checkLoadImage(ImageNotLoadSteps.java:22)
at ✽.see image header not load(file:///C:/Users/Gabriel/Documents/PAWK/Projets/ArvalTestAutomation/src/test/resources/features/arval.feature:22)
... Removed 4 stack frames]]>
    </failure>
  </testcase> <!-- runScenario -->
  <testcase name="runScenario" time="26.034" classname="io.cucumber.testng.AbstractTestNGCucumberTests">
    <failure type="java.lang.AssertionError" message="expected [true] but found [false]">
      <![CDATA[java.lang.AssertionError: expected [true] but found [false]
at PageObjects.ProfessionalPage.comparePosition(ProfessionalPage.java:40)
at StepDefinitions.IncorretAlignmentComponentSteps.verfiyPositionElement(IncorretAlignmentComponentSteps.java:15)
at ✽.verfiy position element(file:///C:/Users/Gabriel/Documents/PAWK/Projets/ArvalTestAutomation/src/test/resources/features/arval.feature:26)
... Removed 4 stack frames]]>
    </failure>
  </testcase> <!-- runScenario -->
  <testcase name="runScenario" time="39.463" classname="io.cucumber.testng.AbstractTestNGCucumberTests">
    <failure type="java.lang.AssertionError" message="expected [true] but found [false]">
      <![CDATA[java.lang.AssertionError: expected [true] but found [false]
at StepDefinitions.ContactLinkNotWorking.clickOnButtonContact(ContactLinkNotWorking.java:16)
at ✽.click on button "Contact us"(file:///C:/Users/Gabriel/Documents/PAWK/Projets/ArvalTestAutomation/src/test/resources/features/arval.feature:30)
... Removed 4 stack frames]]>
    </failure>
  </testcase> <!-- runScenario -->
  <testcase name="runScenario" time="35.35" classname="io.cucumber.testng.AbstractTestNGCucumberTests">
    <failure type="java.lang.AssertionError" message="expected [true] but found [false]">
      <![CDATA[java.lang.AssertionError: expected [true] but found [false]
at PageObjects.HomePage.getcontentdropdown(HomePage.java:136)
at StepDefinitions.ChangeLangWorkingSteps.changeLanguage(ChangeLangWorkingSteps.java:9)
at ✽.change language website(file:///C:/Users/Gabriel/Documents/PAWK/Projets/ArvalTestAutomation/src/test/resources/features/arval.feature:33)
... Removed 4 stack frames]]>
    </failure>
  </testcase> <!-- runScenario -->
  <testcase name="runScenario" time="43.033" classname="io.cucumber.testng.AbstractTestNGCucumberTests">
    <failure type="java.lang.AssertionError" message="expected [true] but found [false]">
      <![CDATA[java.lang.AssertionError: expected [true] but found [false]
at PageObjects.ProfessionalPage.verifyNameMark(ProfessionalPage.java:52)
at StepDefinitions.BadCharacterManagementSteps.navigateToMarkBMW(BadCharacterManagementSteps.java:16)
at ✽.click to mark BMW(file:///C:/Users/Gabriel/Documents/PAWK/Projets/ArvalTestAutomation/src/test/resources/features/arval.feature:37)
... Removed 4 stack frames]]>
    </failure>
  </testcase> <!-- runScenario -->
</testsuite> <!-- ChromeTest -->
